<?xml version="1.0" encoding="UTF-8"?>
<!-- Generated by org.testng.reporters.JUnitXMLReporter -->
<testsuite ignored="0" hostname="PC" failures="0" tests="10" name="Default test" time="24.872" errors="0" timestamp="2021-03-24T10:14:08 CST">
  <testcase classname="Runner.Runner" name="test" time="2.773"/>
  <testcase classname="Runner.Runner" name="test" time="0.664"/>
  <testcase classname="Runner.Runner" name="test" time="1.252"/>
  <testcase classname="Runner.Runner" name="test" time="0.666"/>
  <testcase classname="Runner.Runner" name="test" time="0.967"/>
  <testcase classname="Runner.Runner" name="test" time="0.719"/>
  <testcase classname="Runner.Runner" name="test" time="0.626"/>
  <testcase classname="Runner.Runner" name="test" time="1.424"/>
  <testcase classname="Runner.Runner" name="test" time="0.629"/>
  <testcase classname="Runner.Runner" name="test" time="0.624"/>
</testsuite> <!-- Default test -->
