<?xml version="1.0" encoding="UTF-8"?>
<!-- Generated by org.testng.reporters.JUnitXMLReporter -->
<testsuite ignored="0" hostname="PC" failures="0" tests="5" name="Default test" time="22.621" errors="0" timestamp="2021-03-25T15:34:48 CST">
  <testcase classname="Runner.Runner" name="test" time="3.518"/>
  <testcase classname="Runner.Runner" name="test" time="0.689"/>
  <testcase classname="Runner.Runner" name="test" time="0.975"/>
  <testcase classname="Runner.Runner" name="test" time="0.64"/>
  <testcase classname="Runner.Runner" name="test" time="0.718"/>
</testsuite> <!-- Default test -->
