<?xml version="1.0" encoding="UTF-8"?>
<testng-results ignored="0" total="1" passed="1" failed="0" skipped="0">
  <reporter-output>
  </reporter-output>
  <suite started-at="2021-03-22T14:56:31 CST" name="Default suite" finished-at="2021-03-22T14:56:35 CST" duration-ms="4427">
    <groups>
    </groups>
    <test started-at="2021-03-22T14:56:31 CST" name="Default test" finished-at="2021-03-22T14:56:35 CST" duration-ms="4427">
      <class name="Runner.Runner">
        <test-method is-config="true" signature="testSetup()[pri:0, instance:Runner.Runner@7ea9e1e2]" started-at="2021-03-22T14:56:31 CST" name="testSetup" finished-at="2021-03-22T14:56:32 CST" duration-ms="1077" status="PASS">
          <reporter-output>
          </reporter-output>
        </test-method> <!-- testSetup -->
        <test-method signature="test()[pri:0, instance:Runner.Runner@7ea9e1e2]" started-at="2021-03-22T14:56:32 CST" name="test" finished-at="2021-03-22T14:56:35 CST" duration-ms="3310" status="PASS">
          <reporter-output>
          </reporter-output>
        </test-method> <!-- test -->
        <test-method is-config="true" signature="tearDown()[pri:0, instance:Runner.Runner@7ea9e1e2]" started-at="2021-03-22T14:56:36 CST" name="tearDown" finished-at="2021-03-22T14:56:36 CST" duration-ms="371" status="PASS">
          <reporter-output>
          </reporter-output>
        </test-method> <!-- tearDown -->
      </class> <!-- Runner.Runner -->
    </test> <!-- Default test -->
  </suite> <!-- Default suite -->
</testng-results>
